Build started 8/13/2012 4:19:48 PM.
     1>Project "D:\Computer Science\-- archieve\ShalabiRace\ShalabiRace\Lab7-Starter0.vcxproj" on node 2 (build target(s)).
     1>InitializeBuildStatus:
         Touching "Debug\ShalabiRace.unsuccessfulbuild".
       ClCompile:
         C:\Program Files\Microsoft Visual Studio 10.0\VC\bin\CL.exe /c /ZI /nologo /W3 /WX- /Od /Oy- /D WIN32 /D _DEBUG /D _CONSOLE /D _UNICODE /D UNICODE /Gm /EHsc /RTC1 /MDd /GS /fp:precise /Zc:wchar_t /Zc:forScope /Fo"Debug\\" /Fd"Debug\vc100.pdb" /Gd /TP /analyze- /errorReport:prompt 3DModel.cpp BaseCar.cpp Car.cpp Driver.cpp Entity3D.cpp Md2.cpp Noob.cpp RaceScene.cpp ShalabiRace.cpp SkyDome.cpp Terrain.cpp TextureLoader.cpp ThirdPersonCamera.cpp gl_font.cpp md2loader.cpp texture.cpp
         texture.cpp
     1>d:\computer science\-- archieve\shalabirace\shalabirace\texture.cpp(9): fatal error C1083: Cannot open include file: 'GL/glut.h': No such file or directory
         md2loader.cpp
     1>d:\computer science\-- archieve\shalabirace\shalabirace\md2loader.cpp(9): fatal error C1083: Cannot open include file: 'GL/glut.h': No such file or directory
         gl_font.cpp
     1>d:\computer science\-- archieve\shalabirace\shalabirace\gl_font.cpp(106): error C2664: 'strcpy' : cannot convert parameter 1 from 'WCHAR [32]' to 'char *'
                 Types pointed to are unrelated; conversion requires reinterpret_cast, C-style cast or function-style cast
         ThirdPersonCamera.cpp
     1>d:\computer science\-- archieve\shalabirace\shalabirace\thirdpersoncamera.cpp(24): fatal error C1083: Cannot open include file: 'gl/glew.h': No such file or directory
         TextureLoader.cpp
     1>d:\computer science\-- archieve\shalabirace\shalabirace\textureloader.h(3): fatal error C1083: Cannot open include file: 'gl/glew.h': No such file or directory
         Terrain.cpp
     1>d:\computer science\-- archieve\shalabirace\shalabirace\textureloader.h(3): fatal error C1083: Cannot open include file: 'gl/glew.h': No such file or directory
         SkyDome.cpp
     1>d:\computer science\-- archieve\shalabirace\shalabirace\skydome.cpp(3): fatal error C1083: Cannot open include file: 'gl/glut.h': No such file or directory
         ShalabiRace.cpp
     1>d:\computer science\-- archieve\shalabirace\shalabirace\shalabirace.cpp(2): fatal error C1083: Cannot open include file: 'gl/glew.h': No such file or directory
         RaceScene.cpp
     1>d:\computer science\-- archieve\shalabirace\shalabirace\3dmodel.h(4): fatal error C1083: Cannot open include file: 'gl/glew.h': No such file or directory
         Noob.cpp
     1>d:\computer science\-- archieve\shalabirace\shalabirace\noob.cpp(2): fatal error C1083: Cannot open include file: 'gl/glut.h': No such file or directory
         Md2.cpp
     1>d:\computer science\-- archieve\shalabirace\shalabirace\3dmodel.h(4): fatal error C1083: Cannot open include file: 'gl/glew.h': No such file or directory
         Entity3D.cpp
     1>d:\computer science\-- archieve\shalabirace\shalabirace\entity3d.cpp(24): fatal error C1083: Cannot open include file: 'gl/glut.h': No such file or directory
         Driver.cpp
     1>d:\computer science\-- archieve\shalabirace\shalabirace\driver.cpp(3): fatal error C1083: Cannot open include file: 'gl/glew.h': No such file or directory
         Car.cpp
     1>d:\computer science\-- archieve\shalabirace\shalabirace\3dmodel.h(4): fatal error C1083: Cannot open include file: 'gl/glew.h': No such file or directory
         BaseCar.cpp
     1>d:\computer science\-- archieve\shalabirace\shalabirace\3dmodel.h(4): fatal error C1083: Cannot open include file: 'gl/glew.h': No such file or directory
         3DModel.cpp
     1>d:\computer science\-- archieve\shalabirace\shalabirace\3dmodel.h(4): fatal error C1083: Cannot open include file: 'gl/glew.h': No such file or directory
         Generating Code...
     1>Done Building Project "D:\Computer Science\-- archieve\ShalabiRace\ShalabiRace\Lab7-Starter0.vcxproj" (build target(s)) -- FAILED.

Build FAILED.

Time Elapsed 00:00:12.20
